Using pre-set license
Built from '2020.3/staging' branch; Version is '2020.3.11f1 (99c7afb366b3) revision 10078127'; Using compiler version '192528614'; Build Type 'Release'
OS: 'Windows 10 Home Single Language; OS build 19043.1110; Version 2009; 64bit' Language: 'en' Physical Memory: 8076 MB
BatchMode: 1, IsHumanControllingUs: 0, StartBugReporterOnCrash: 0, Is64bit: 1, IsPro: 0

 COMMAND LINE ARGUMENTS:
D:\Unity Hub\2020.3.11f1\Editor\Unity.exe
-adb2
-batchMode
-noUpm
-name
AssetImportWorker0
-projectPath
D:/3d-tetris/teris
-logFile
Logs/AssetImportWorker0.log
-srvPort
59692
Successfully changed project path to: D:/3d-tetris/teris
D:/3d-tetris/teris
Using Asset Import Pipeline V2.
Refreshing native plugins compatible for Editor in 38.34 ms, found 2 plugins.
Preloading 0 native plugins for Editor in 0.00 ms.
Initialize engine version: 2020.3.11f1 (99c7afb366b3)
[Subsystems] Discovering subsystems at path D:/Unity Hub/2020.3.11f1/Editor/Data/Resources/UnitySubsystems
[Subsystems] Discovering subsystems at path D:/3d-tetris/teris/Assets
GfxDevice: creating device client; threaded=0
Direct3D:
    Version:  Direct3D 11.0 [level 11.1]
    Renderer: Intel(R) UHD Graphics 620 (ID=0x5917)
    Vendor:   
    VRAM:     4038 MB
    Driver:   23.20.16.4973
Initialize mono
Mono path[0] = 'D:/Unity Hub/2020.3.11f1/Editor/Data/Managed'
Mono path[1] = 'D:/Unity Hub/2020.3.11f1/Editor/Data/MonoBleedingEdge/lib/mono/unityjit'
Mono config path = 'D:/Unity Hub/2020.3.11f1/Editor/Data/MonoBleedingEdge/etc'
Using monoOptions --debugger-agent=transport=dt_socket,embedding=1,server=y,suspend=n,address=127.0.0.1:56080
Begin MonoManager ReloadAssembly
Registering precompiled unity dll's ...
Register platform support module: D:/Unity Hub/2020.3.11f1/Editor/Data/PlaybackEngines/WebGLSupport/UnityEditor.WebGL.Extensions.dll
Register platform support module: D:/Unity Hub/2020.3.11f1/Editor/Data/PlaybackEngines/WindowsStandaloneSupport/UnityEditor.WindowsStandalone.Extensions.dll
Registered in 0.001913 seconds.
Native extension for WindowsStandalone target not found
Native extension for WebGL target not found
Refreshing native plugins compatible for Editor in 35.87 ms, found 2 plugins.
Preloading 0 native plugins for Editor in 0.00 ms.
Mono: successfully reloaded assembly
- Completed reload, in  1.418 seconds
Platform modules already initialized, skipping
Registering precompiled user dll's ...
Registered in 0.004171 seconds.
Begin MonoManager ReloadAssembly
Native extension for WindowsStandalone target not found
Native extension for WebGL target not found
Refreshing native plugins compatible for Editor in 0.36 ms, found 2 plugins.
Preloading 0 native plugins for Editor in 0.00 ms.
Mono: successfully reloaded assembly
- Completed reload, in  1.106 seconds
Platform modules already initialized, skipping
========================================================================
Worker process is ready to serve import requests
Launched and connected shader compiler UnityShaderCompiler.exe after 0.05 seconds
Refreshing native plugins compatible for Editor in 0.33 ms, found 2 plugins.
Preloading 0 native plugins for Editor in 0.00 ms.
Unloading 1391 Unused Serialized files (Serialized files now loaded: 0)
System memory in use before: 65.0 MB.
System memory in use after: 65.0 MB.

Unloading 19 unused Assets to reduce memory usage. Loaded Objects now: 1825.
Total: 2.391400 ms (FindLiveObjects: 0.179000 ms CreateObjectMapping: 0.045300 ms MarkObjects: 2.070600 ms  DeleteObjects: 0.095000 ms)

========================================================================
Received Import Request.
  path: Assets/Scenes
  artifactKey: Guid(a577cad9c75f10d4ab506fe21f62b38b) Importer(815301076,1909f56bfc062723c751e8b465ee728b)
Start importing Assets/Scenes using Guid(a577cad9c75f10d4ab506fe21f62b38b) Importer(815301076,1909f56bfc062723c751e8b465ee728b)  -> (artifact id: 'f2d65c62068efaa19b3ce90687ffe8ad') in 0.017046 seconds
  Import took 0.021865 seconds .

========================================================================
Received Import Request.
  Time since last request: 0.000392 seconds.
  path: Assets/Scenes/SampleScene.unity
  artifactKey: Guid(9fc0d4010bbf28b4594072e72b8655ab) Importer(815301076,1909f56bfc062723c751e8b465ee728b)
Start importing Assets/Scenes/SampleScene.unity using Guid(9fc0d4010bbf28b4594072e72b8655ab) Importer(815301076,1909f56bfc062723c751e8b465ee728b)  -> (artifact id: 'cbb00231b4dbddbdf1964d79a2078515') in 0.016679 seconds
  Import took 0.020043 seconds .

========================================================================
Received Prepare
Refreshing native plugins compatible for Editor in 2.07 ms, found 2 plugins.
Preloading 0 native plugins for Editor in 0.00 ms.
Unloading 12 Unused Serialized files (Serialized files now loaded: 0)
System memory in use before: 37.6 MB.
System memory in use after: 37.6 MB.

Unloading 12 unused Assets to reduce memory usage. Loaded Objects now: 1825.
Total: 2.700400 ms (FindLiveObjects: 0.196700 ms CreateObjectMapping: 0.061600 ms MarkObjects: 2.387300 ms  DeleteObjects: 0.053800 ms)

========================================================================
Received Import Request.
  Time since last request: 3.427128 seconds.
  path: Assets/Scenes/Game.unity
  artifactKey: Guid(9fc0d4010bbf28b4594072e72b8655ab) Importer(815301076,1909f56bfc062723c751e8b465ee728b)
Start importing Assets/Scenes/Game.unity using Guid(9fc0d4010bbf28b4594072e72b8655ab) Importer(815301076,1909f56bfc062723c751e8b465ee728b)  -> (artifact id: '186db2ba58e3363c5c4356d58f2106f1') in 0.009232 seconds
  Import took 0.014148 seconds .

========================================================================
Received Import Request.
  Time since last request: 7.346937 seconds.
  path: Assets/Scenes/Menu.unity
  artifactKey: Guid(8ac607985a82865429d52a76b919bf67) Importer(815301076,1909f56bfc062723c751e8b465ee728b)
Start importing Assets/Scenes/Menu.unity using Guid(8ac607985a82865429d52a76b919bf67) Importer(815301076,1909f56bfc062723c751e8b465ee728b)  -> (artifact id: '2ba2fca3359b0d0efc24fdc4aed42bf3') in 0.015794 seconds
  Import took 0.019936 seconds .

========================================================================
Received Import Request.
  Time since last request: 314.682499 seconds.
  path: Assets/Scenes/Menu.unity
  artifactKey: Guid(8ac607985a82865429d52a76b919bf67) Importer(815301076,1909f56bfc062723c751e8b465ee728b)
Start importing Assets/Scenes/Menu.unity using Guid(8ac607985a82865429d52a76b919bf67) Importer(815301076,1909f56bfc062723c751e8b465ee728b)  -> (artifact id: '4032eab6c1bff0a47a897eea4a167781') in 0.003631 seconds
  Import took 0.009349 seconds .

========================================================================
Received Import Request.
  Time since last request: 105.754117 seconds.
  path: Assets/scripts/New Folder
  artifactKey: Guid(1c245dcb179a9a548b2011ed61e23860) Importer(815301076,1909f56bfc062723c751e8b465ee728b)
Start importing Assets/scripts/New Folder using Guid(1c245dcb179a9a548b2011ed61e23860) Importer(815301076,1909f56bfc062723c751e8b465ee728b)  -> (artifact id: '333b258aac70c37fa9246e2ddce04787') in 0.011000 seconds
  Import took 0.014976 seconds .

========================================================================
Received Import Request.
  Time since last request: 30.690199 seconds.
  path: Assets/scripts/MenuHandler.cs
  artifactKey: Guid(1b04d96d9cfde614b834a8f0b5df87c7) Importer(815301076,1909f56bfc062723c751e8b465ee728b)
Start importing Assets/scripts/MenuHandler.cs using Guid(1b04d96d9cfde614b834a8f0b5df87c7) Importer(815301076,1909f56bfc062723c751e8b465ee728b)  -> (artifact id: 'e2d10bf14d8d32329952c98972e0c74a') in 0.159562 seconds
  Import took 0.162654 seconds .

========================================================================
Received Prepare
Registering precompiled user dll's ...
Registered in 0.003710 seconds.
Begin MonoManager ReloadAssembly
Native extension for WindowsStandalone target not found
Native extension for WebGL target not found
Refreshing native plugins compatible for Editor in 0.82 ms, found 2 plugins.
Preloading 0 native plugins for Editor in 0.00 ms.
Mono: successfully reloaded assembly
- Completed reload, in  1.890 seconds
Platform modules already initialized, skipping
Refreshing native plugins compatible for Editor in 0.62 ms, found 2 plugins.
Preloading 0 native plugins for Editor in 0.00 ms.
Unloading 1387 Unused Serialized files (Serialized files now loaded: 0)
System memory in use before: 65.0 MB.
System memory in use after: 65.0 MB.

Unloading 14 unused Assets to reduce memory usage. Loaded Objects now: 1829.
Total: 3.774000 ms (FindLiveObjects: 0.279300 ms CreateObjectMapping: 0.104500 ms MarkObjects: 3.288500 ms  DeleteObjects: 0.099700 ms)

========================================================================
Received Prepare
Registering precompiled user dll's ...
Registered in 0.003968 seconds.
Begin MonoManager ReloadAssembly
Native extension for WindowsStandalone target not found
Native extension for WebGL target not found
Refreshing native plugins compatible for Editor in 0.54 ms, found 2 plugins.
Preloading 0 native plugins for Editor in 0.00 ms.
Mono: successfully reloaded assembly
- Completed reload, in  1.023 seconds
Platform modules already initialized, skipping
Refreshing native plugins compatible for Editor in 0.41 ms, found 2 plugins.
Preloading 0 native plugins for Editor in 0.00 ms.
Unloading 1387 Unused Serialized files (Serialized files now loaded: 0)
System memory in use before: 65.0 MB.
System memory in use after: 65.1 MB.

Unloading 14 unused Assets to reduce memory usage. Loaded Objects now: 1832.
Total: 2.116100 ms (FindLiveObjects: 0.134100 ms CreateObjectMapping: 0.046300 ms MarkObjects: 1.871300 ms  DeleteObjects: 0.063000 ms)

========================================================================
Received Import Request.
  Time since last request: 72.165396 seconds.
  path: Assets/scripts/MenuHandler.cs
  artifactKey: Guid(1b04d96d9cfde614b834a8f0b5df87c7) Importer(815301076,1909f56bfc062723c751e8b465ee728b)
Start importing Assets/scripts/MenuHandler.cs using Guid(1b04d96d9cfde614b834a8f0b5df87c7) Importer(815301076,1909f56bfc062723c751e8b465ee728b)  -> (artifact id: 'fdcd3fac37cb7476bc19bd27dd4c06a5') in 0.004124 seconds
  Import took 0.008330 seconds .

========================================================================
Received Import Request.
  Time since last request: 123.097336 seconds.
  path: Assets/Scenes/Menu.unity
  artifactKey: Guid(8ac607985a82865429d52a76b919bf67) Importer(815301076,1909f56bfc062723c751e8b465ee728b)
Start importing Assets/Scenes/Menu.unity using Guid(8ac607985a82865429d52a76b919bf67) Importer(815301076,1909f56bfc062723c751e8b465ee728b)  -> (artifact id: 'c6e7181a63f543eb499ef320a0418849') in 0.021187 seconds
  Import took 0.025950 seconds .

========================================================================
Received Prepare
Registering precompiled user dll's ...
Registered in 0.003912 seconds.
Begin MonoManager ReloadAssembly
Native extension for WindowsStandalone target not found
Native extension for WebGL target not found
Refreshing native plugins compatible for Editor in 0.35 ms, found 2 plugins.
Preloading 0 native plugins for Editor in 0.00 ms.
Mono: successfully reloaded assembly
- Completed reload, in  1.053 seconds
Platform modules already initialized, skipping
Refreshing native plugins compatible for Editor in 0.40 ms, found 2 plugins.
Preloading 0 native plugins for Editor in 0.00 ms.
Unloading 1387 Unused Serialized files (Serialized files now loaded: 0)
System memory in use before: 65.0 MB.
System memory in use after: 65.1 MB.

Unloading 14 unused Assets to reduce memory usage. Loaded Objects now: 1835.
Total: 2.107900 ms (FindLiveObjects: 0.157000 ms CreateObjectMapping: 0.037500 ms MarkObjects: 1.856600 ms  DeleteObjects: 0.055600 ms)

========================================================================
Received Import Request.
  Time since last request: 62.758403 seconds.
  path: Assets/scripts/MenuHandler.cs
  artifactKey: Guid(1b04d96d9cfde614b834a8f0b5df87c7) Importer(815301076,1909f56bfc062723c751e8b465ee728b)
Start importing Assets/scripts/MenuHandler.cs using Guid(1b04d96d9cfde614b834a8f0b5df87c7) Importer(815301076,1909f56bfc062723c751e8b465ee728b)  -> (artifact id: '70f1ff21510d398b20830a0ba8b9453b') in 0.004412 seconds
  Import took 0.008908 seconds .

========================================================================
Received Prepare
Registering precompiled user dll's ...
Registered in 0.002860 seconds.
Begin MonoManager ReloadAssembly
Native extension for WindowsStandalone target not found
Native extension for WebGL target not found
Refreshing native plugins compatible for Editor in 0.37 ms, found 2 plugins.
Preloading 0 native plugins for Editor in 0.00 ms.
Mono: successfully reloaded assembly
- Completed reload, in  0.982 seconds
Platform modules already initialized, skipping
Refreshing native plugins compatible for Editor in 0.40 ms, found 2 plugins.
Preloading 0 native plugins for Editor in 0.00 ms.
Unloading 1387 Unused Serialized files (Serialized files now loaded: 0)
System memory in use before: 65.0 MB.
System memory in use after: 65.1 MB.

Unloading 14 unused Assets to reduce memory usage. Loaded Objects now: 1838.
Total: 2.251800 ms (FindLiveObjects: 0.167700 ms CreateObjectMapping: 0.046400 ms MarkObjects: 1.982300 ms  DeleteObjects: 0.053900 ms)

========================================================================
Received Prepare
Registering precompiled user dll's ...
Registered in 0.003694 seconds.
Begin MonoManager ReloadAssembly
Native extension for WindowsStandalone target not found
Native extension for WebGL target not found
Refreshing native plugins compatible for Editor in 0.34 ms, found 2 plugins.
Preloading 0 native plugins for Editor in 0.00 ms.
Mono: successfully reloaded assembly
- Completed reload, in  1.082 seconds
Platform modules already initialized, skipping
Refreshing native plugins compatible for Editor in 0.33 ms, found 2 plugins.
Preloading 0 native plugins for Editor in 0.00 ms.
Unloading 1387 Unused Serialized files (Serialized files now loaded: 0)
System memory in use before: 65.0 MB.
System memory in use after: 65.1 MB.

Unloading 14 unused Assets to reduce memory usage. Loaded Objects now: 1841.
Total: 2.216400 ms (FindLiveObjects: 0.204800 ms CreateObjectMapping: 0.060100 ms MarkObjects: 1.889000 ms  DeleteObjects: 0.061200 ms)

========================================================================
Received Import Request.
  Time since last request: 216.165983 seconds.
  path: Assets/scripts/GameOverScreen.cs
  artifactKey: Guid(3b5c14e0854ca4041be3359c8d7aa2a1) Importer(815301076,1909f56bfc062723c751e8b465ee728b)
Start importing Assets/scripts/GameOverScreen.cs using Guid(3b5c14e0854ca4041be3359c8d7aa2a1) Importer(815301076,1909f56bfc062723c751e8b465ee728b)  -> (artifact id: 'fa3c690ca5aa218a2015ea14e9588353') in 0.008953 seconds
  Import took 0.013440 seconds .

========================================================================
Received Import Request.
  Time since last request: 1.219456 seconds.
  path: Assets/scripts/GameOverScreen.cs
  artifactKey: Guid(3b5c14e0854ca4041be3359c8d7aa2a1) Importer(815301076,1909f56bfc062723c751e8b465ee728b)
Start importing Assets/scripts/GameOverScreen.cs using Guid(3b5c14e0854ca4041be3359c8d7aa2a1) Importer(815301076,1909f56bfc062723c751e8b465ee728b)  -> (artifact id: 'fa3c690ca5aa218a2015ea14e9588353') in 0.002462 seconds
  Import took 0.005359 seconds .

========================================================================
Received Prepare
Registering precompiled user dll's ...
Registered in 0.011935 seconds.
Begin MonoManager ReloadAssembly
Native extension for WindowsStandalone target not found
Native extension for WebGL target not found
Refreshing native plugins compatible for Editor in 0.73 ms, found 2 plugins.
Preloading 0 native plugins for Editor in 0.00 ms.
Mono: successfully reloaded assembly
- Completed reload, in  3.143 seconds
Platform modules already initialized, skipping
Refreshing native plugins compatible for Editor in 0.77 ms, found 2 plugins.
Preloading 0 native plugins for Editor in 0.00 ms.
Unloading 1387 Unused Serialized files (Serialized files now loaded: 0)
System memory in use before: 65.0 MB.
System memory in use after: 65.1 MB.

Unloading 14 unused Assets to reduce memory usage. Loaded Objects now: 1844.
Total: 5.717100 ms (FindLiveObjects: 0.725000 ms CreateObjectMapping: 0.198100 ms MarkObjects: 4.653600 ms  DeleteObjects: 0.136100 ms)

========================================================================
Received Import Request.
  Time since last request: 84.730859 seconds.
  path: Assets/Scenes/Menu.unity
  artifactKey: Guid(8ac607985a82865429d52a76b919bf67) Importer(815301076,1909f56bfc062723c751e8b465ee728b)
Start importing Assets/Scenes/Menu.unity using Guid(8ac607985a82865429d52a76b919bf67) Importer(815301076,1909f56bfc062723c751e8b465ee728b)  -> (artifact id: '21354b06f5c2c954768232b5d1748122') in 0.014354 seconds
  Import took 0.019714 seconds .

========================================================================
Received Prepare
Registering precompiled user dll's ...
Registered in 0.011088 seconds.
Begin MonoManager ReloadAssembly
Native extension for WindowsStandalone target not found
Native extension for WebGL target not found
Refreshing native plugins compatible for Editor in 0.46 ms, found 2 plugins.
Preloading 0 native plugins for Editor in 0.00 ms.
Mono: successfully reloaded assembly
- Completed reload, in  1.566 seconds
Platform modules already initialized, skipping
Refreshing native plugins compatible for Editor in 0.42 ms, found 2 plugins.
Preloading 0 native plugins for Editor in 0.00 ms.
Unloading 1387 Unused Serialized files (Serialized files now loaded: 0)
System memory in use before: 65.1 MB.
System memory in use after: 65.1 MB.

Unloading 14 unused Assets to reduce memory usage. Loaded Objects now: 1847.
Total: 2.827500 ms (FindLiveObjects: 0.214500 ms CreateObjectMapping: 0.055900 ms MarkObjects: 2.479500 ms  DeleteObjects: 0.076100 ms)

========================================================================
Received Import Request.
  Time since last request: 108.656738 seconds.
  path: Assets/Scenes/Game.unity
  artifactKey: Guid(9fc0d4010bbf28b4594072e72b8655ab) Importer(815301076,1909f56bfc062723c751e8b465ee728b)
Start importing Assets/Scenes/Game.unity using Guid(9fc0d4010bbf28b4594072e72b8655ab) Importer(815301076,1909f56bfc062723c751e8b465ee728b)  -> (artifact id: '3029962f571d31873ba52b37e1dced28') in 0.022122 seconds
  Import took 0.025252 seconds .

AssetImportWorkerClient::OnTransportError - code=2 error=End of file
