Using pre-set license
Built from '2020.3/staging' branch; Version is '2020.3.11f1 (99c7afb366b3) revision 10078127'; Using compiler version '192528614'; Build Type 'Release'
OS: 'Windows 10 Home Single Language; OS build 19042.985; Version 2009; 64bit' Language: 'en' Physical Memory: 8076 MB
BatchMode: 1, IsHumanControllingUs: 0, StartBugReporterOnCrash: 0, Is64bit: 1, IsPro: 0

 COMMAND LINE ARGUMENTS:
D:\Unity Hub\2020.3.11f1\Editor\Unity.exe
-adb2
-batchMode
-noUpm
-name
AssetImportWorker0
-projectPath
D:/Unity Hub/Tetris-3D
-logFile
Logs/AssetImportWorker0.log
-srvPort
62231
Successfully changed project path to: D:/Unity Hub/Tetris-3D
D:/Unity Hub/Tetris-3D
Using Asset Import Pipeline V2.
Refreshing native plugins compatible for Editor in 34.10 ms, found 2 plugins.
Preloading 0 native plugins for Editor in 0.00 ms.
Initialize engine version: 2020.3.11f1 (99c7afb366b3)
[Subsystems] Discovering subsystems at path D:/Unity Hub/2020.3.11f1/Editor/Data/Resources/UnitySubsystems
[Subsystems] Discovering subsystems at path D:/Unity Hub/Tetris-3D/Assets
GfxDevice: creating device client; threaded=0
Direct3D:
    Version:  Direct3D 11.0 [level 11.1]
    Renderer: Intel(R) UHD Graphics 620 (ID=0x5917)
    Vendor:   
    VRAM:     4038 MB
    Driver:   23.20.16.4973
Initialize mono
Mono path[0] = 'D:/Unity Hub/2020.3.11f1/Editor/Data/Managed'
Mono path[1] = 'D:/Unity Hub/2020.3.11f1/Editor/Data/MonoBleedingEdge/lib/mono/unityjit'
Mono config path = 'D:/Unity Hub/2020.3.11f1/Editor/Data/MonoBleedingEdge/etc'
Using monoOptions --debugger-agent=transport=dt_socket,embedding=1,server=y,suspend=n,address=127.0.0.1:56840
Begin MonoManager ReloadAssembly
Registering precompiled unity dll's ...
Register platform support module: D:/Unity Hub/2020.3.11f1/Editor/Data/PlaybackEngines/WebGLSupport/UnityEditor.WebGL.Extensions.dll
Register platform support module: D:/Unity Hub/2020.3.11f1/Editor/Data/PlaybackEngines/WindowsStandaloneSupport/UnityEditor.WindowsStandalone.Extensions.dll
Registered in 0.001615 seconds.
Native extension for WindowsStandalone target not found
Native extension for WebGL target not found
Refreshing native plugins compatible for Editor in 32.26 ms, found 2 plugins.
Preloading 0 native plugins for Editor in 0.00 ms.
Mono: successfully reloaded assembly
- Completed reload, in  1.180 seconds
Platform modules already initialized, skipping
Registering precompiled user dll's ...
Registered in 0.003617 seconds.
Begin MonoManager ReloadAssembly
Native extension for WindowsStandalone target not found
Native extension for WebGL target not found
Refreshing native plugins compatible for Editor in 0.72 ms, found 2 plugins.
Preloading 0 native plugins for Editor in 0.00 ms.
Mono: successfully reloaded assembly
- Completed reload, in  1.658 seconds
Platform modules already initialized, skipping
========================================================================
Worker process is ready to serve import requests
Launched and connected shader compiler UnityShaderCompiler.exe after 0.09 seconds
Refreshing native plugins compatible for Editor in 0.42 ms, found 2 plugins.
Preloading 0 native plugins for Editor in 0.00 ms.
Unloading 1386 Unused Serialized files (Serialized files now loaded: 0)
System memory in use before: 64.6 MB.
System memory in use after: 64.7 MB.

Unloading 19 unused Assets to reduce memory usage. Loaded Objects now: 1819.
Total: 2.442000 ms (FindLiveObjects: 0.197500 ms CreateObjectMapping: 0.058100 ms MarkObjects: 2.068300 ms  DeleteObjects: 0.116200 ms)

========================================================================
Received Import Request.
  path: Assets/FBX/sicksumducks.blend
  artifactKey: Guid(daf91067974d5424dad1cbb24a93f226) Importer(815301076,1909f56bfc062723c751e8b465ee728b)
Start importing Assets/FBX/sicksumducks.blend using Guid(daf91067974d5424dad1cbb24a93f226) Importer(815301076,1909f56bfc062723c751e8b465ee728b)  -> (artifact id: '7e108c7633cf284dd3fc4e14d096f187') in 0.866349 seconds
  Import took 0.871994 seconds .

========================================================================
Received Prepare
Registering precompiled user dll's ...
Registered in 0.626146 seconds.
Begin MonoManager ReloadAssembly
Native extension for WindowsStandalone target not found
Native extension for WebGL target not found
Refreshing native plugins compatible for Editor in 0.45 ms, found 2 plugins.
Preloading 0 native plugins for Editor in 0.00 ms.
Mono: successfully reloaded assembly
- Completed reload, in  1.746 seconds
Platform modules already initialized, skipping
Refreshing native plugins compatible for Editor in 0.37 ms, found 2 plugins.
Preloading 0 native plugins for Editor in 0.00 ms.
Unloading 1381 Unused Serialized files (Serialized files now loaded: 0)
System memory in use before: 68.0 MB.
System memory in use after: 68.1 MB.

Unloading 15 unused Assets to reduce memory usage. Loaded Objects now: 1865.
Total: 2.635700 ms (FindLiveObjects: 0.253100 ms CreateObjectMapping: 0.061400 ms MarkObjects: 2.241800 ms  DeleteObjects: 0.078200 ms)

========================================================================
Received Import Request.
  Time since last request: 3233.968663 seconds.
  path: Assets
  artifactKey: Guid(00000000000000001000000000000000) Importer(815301076,1909f56bfc062723c751e8b465ee728b)
Start importing Assets using Guid(00000000000000001000000000000000) Importer(815301076,1909f56bfc062723c751e8b465ee728b)  -> (artifact id: '42d402b061de3733987d63b9cc3b64de') in 0.010704 seconds
  Import took 0.015299 seconds .

========================================================================
Received Import Request.
  Time since last request: 2.426799 seconds.
  path: Packages/com.unity.ext.nunit/package.json
  artifactKey: Guid(8143d3a8390f2c64685e3bc272bd9e90) Importer(815301076,1909f56bfc062723c751e8b465ee728b)
Start importing Packages/com.unity.ext.nunit/package.json using Guid(8143d3a8390f2c64685e3bc272bd9e90) Importer(815301076,1909f56bfc062723c751e8b465ee728b)  -> (artifact id: '36f449bd9ed4a92e06d659da724da745') in 0.026945 seconds
  Import took 0.030859 seconds .

========================================================================
Received Import Request.
  Time since last request: 306.864474 seconds.
  path: Assets/NewBehaviourScript.cs
  artifactKey: Guid(d604fccb772fa504184550a27af2b1e8) Importer(815301076,1909f56bfc062723c751e8b465ee728b)
Start importing Assets/NewBehaviourScript.cs using Guid(d604fccb772fa504184550a27af2b1e8) Importer(815301076,1909f56bfc062723c751e8b465ee728b)  -> (artifact id: 'd19a7f47f043c0323ca3b7604890faf2') in 0.027296 seconds
  Import took 0.031218 seconds .

========================================================================
Received Import Request.
  Time since last request: 0.113455 seconds.
  path: Assets/NewBehaviourScript.cs
  artifactKey: Guid(d604fccb772fa504184550a27af2b1e8) Importer(815301076,1909f56bfc062723c751e8b465ee728b)
Start importing Assets/NewBehaviourScript.cs using Guid(d604fccb772fa504184550a27af2b1e8) Importer(815301076,1909f56bfc062723c751e8b465ee728b)  -> (artifact id: 'd19a7f47f043c0323ca3b7604890faf2') in 0.003730 seconds
  Import took 0.009748 seconds .

========================================================================
Received Prepare
Registering precompiled user dll's ...
Registered in 0.003008 seconds.
Begin MonoManager ReloadAssembly
Native extension for WindowsStandalone target not found
Native extension for WebGL target not found
Refreshing native plugins compatible for Editor in 0.36 ms, found 2 plugins.
Preloading 0 native plugins for Editor in 0.00 ms.
Mono: successfully reloaded assembly
- Completed reload, in  1.096 seconds
Platform modules already initialized, skipping
Refreshing native plugins compatible for Editor in 0.42 ms, found 2 plugins.
Preloading 0 native plugins for Editor in 0.00 ms.
Unloading 1381 Unused Serialized files (Serialized files now loaded: 0)
System memory in use before: 68.1 MB.
System memory in use after: 68.2 MB.

Unloading 14 unused Assets to reduce memory usage. Loaded Objects now: 1868.
Total: 2.404200 ms (FindLiveObjects: 0.203400 ms CreateObjectMapping: 0.052300 ms MarkObjects: 2.080300 ms  DeleteObjects: 0.066800 ms)

========================================================================
Received Import Request.
  Time since last request: 74.448534 seconds.
  path: Assets/Scripts
  artifactKey: Guid(c9543065eb7453747997a61bf78e9947) Importer(815301076,1909f56bfc062723c751e8b465ee728b)
Start importing Assets/Scripts using Guid(c9543065eb7453747997a61bf78e9947) Importer(815301076,1909f56bfc062723c751e8b465ee728b)  -> (artifact id: 'f0679d05c9bc8d07c3cffa29e8bb4b00') in 0.011624 seconds
  Import took 0.016269 seconds .

========================================================================
Received Import Request.
  Time since last request: 0.002421 seconds.
  path: Assets/Scripts
  artifactKey: Guid(c9543065eb7453747997a61bf78e9947) Importer(815301076,1909f56bfc062723c751e8b465ee728b)
Start importing Assets/Scripts using Guid(c9543065eb7453747997a61bf78e9947) Importer(815301076,1909f56bfc062723c751e8b465ee728b)  -> (artifact id: 'f0679d05c9bc8d07c3cffa29e8bb4b00') in 0.002299 seconds
  Import took 0.005859 seconds .

========================================================================
Received Import Request.
  Time since last request: 10.370756 seconds.
  path: Assets/Scripts/GameBehaviour.cs
  artifactKey: Guid(9b9f16efce7a8f041b03a0c0898270c8) Importer(815301076,1909f56bfc062723c751e8b465ee728b)
Start importing Assets/Scripts/GameBehaviour.cs using Guid(9b9f16efce7a8f041b03a0c0898270c8) Importer(815301076,1909f56bfc062723c751e8b465ee728b)  -> (artifact id: '2238fe52b7303f8ff8488e798a870cc7') in 0.008283 seconds
  Import took 0.013213 seconds .

========================================================================
Received Prepare
Registering precompiled user dll's ...
Registered in 0.002965 seconds.
Begin MonoManager ReloadAssembly
Native extension for WindowsStandalone target not found
Native extension for WebGL target not found
Refreshing native plugins compatible for Editor in 0.37 ms, found 2 plugins.
Preloading 0 native plugins for Editor in 0.00 ms.
Mono: successfully reloaded assembly
- Completed reload, in  1.089 seconds
Platform modules already initialized, skipping
Refreshing native plugins compatible for Editor in 0.40 ms, found 2 plugins.
Preloading 0 native plugins for Editor in 0.00 ms.
Unloading 1382 Unused Serialized files (Serialized files now loaded: 0)
System memory in use before: 68.1 MB.
System memory in use after: 68.2 MB.

Unloading 14 unused Assets to reduce memory usage. Loaded Objects now: 1872.
Total: 2.574800 ms (FindLiveObjects: 0.190800 ms CreateObjectMapping: 0.053400 ms MarkObjects: 2.261900 ms  DeleteObjects: 0.067400 ms)

========================================================================
Received Import Request.
  Time since last request: 97.125845 seconds.
  path: Assets/Scripts/GameBehaviour.cs
  artifactKey: Guid(9b9f16efce7a8f041b03a0c0898270c8) Importer(815301076,1909f56bfc062723c751e8b465ee728b)
Start importing Assets/Scripts/GameBehaviour.cs using Guid(9b9f16efce7a8f041b03a0c0898270c8) Importer(815301076,1909f56bfc062723c751e8b465ee728b)  -> (artifact id: '13ef6ca1f71051a3308bbc25bff17ac3') in 0.008506 seconds
  Import took 0.013690 seconds .

========================================================================
Received Import Request.
  Time since last request: 83.147108 seconds.
  path: Assets/Scripts/GameBehaviour.cs
  artifactKey: Guid(9b9f16efce7a8f041b03a0c0898270c8) Importer(815301076,1909f56bfc062723c751e8b465ee728b)
Start importing Assets/Scripts/GameBehaviour.cs using Guid(9b9f16efce7a8f041b03a0c0898270c8) Importer(815301076,1909f56bfc062723c751e8b465ee728b)  -> (artifact id: '00b7e126bdbd8fd4d47f67bf1b8b9a86') in 0.023954 seconds
  Import took 0.028021 seconds .

========================================================================
Received Import Request.
  Time since last request: 0.023856 seconds.
  path: Assets/Scripts/GameBehaviour.cs
  artifactKey: Guid(9b9f16efce7a8f041b03a0c0898270c8) Importer(815301076,1909f56bfc062723c751e8b465ee728b)
Start importing Assets/Scripts/GameBehaviour.cs using Guid(9b9f16efce7a8f041b03a0c0898270c8) Importer(815301076,1909f56bfc062723c751e8b465ee728b)  -> (artifact id: '00b7e126bdbd8fd4d47f67bf1b8b9a86') in 0.002423 seconds
  Import took 0.006189 seconds .

========================================================================
Received Import Request.
  Time since last request: 124.423134 seconds.
  path: Assets/Scripts/CameraFollow.cs
  artifactKey: Guid(c5622340d9132ae49bc653ed7273dee5) Importer(815301076,1909f56bfc062723c751e8b465ee728b)
Start importing Assets/Scripts/CameraFollow.cs using Guid(c5622340d9132ae49bc653ed7273dee5) Importer(815301076,1909f56bfc062723c751e8b465ee728b)  -> (artifact id: '919baac8fd4a0164617597e63ac00a0d') in 0.009375 seconds
  Import took 0.015662 seconds .

========================================================================
Received Import Request.
  Time since last request: 0.005071 seconds.
  path: Assets/Scripts/CameraFollow.cs
  artifactKey: Guid(c5622340d9132ae49bc653ed7273dee5) Importer(815301076,1909f56bfc062723c751e8b465ee728b)
Start importing Assets/Scripts/CameraFollow.cs using Guid(c5622340d9132ae49bc653ed7273dee5) Importer(815301076,1909f56bfc062723c751e8b465ee728b)  -> (artifact id: '919baac8fd4a0164617597e63ac00a0d') in 0.003064 seconds
  Import took 0.006310 seconds .

========================================================================
Received Import Request.
  Time since last request: 1466.547054 seconds.
  path: Assets/Scripts/CameraFollow.cs
  artifactKey: Guid(c5622340d9132ae49bc653ed7273dee5) Importer(815301076,1909f56bfc062723c751e8b465ee728b)
Start importing Assets/Scripts/CameraFollow.cs using Guid(c5622340d9132ae49bc653ed7273dee5) Importer(815301076,1909f56bfc062723c751e8b465ee728b)  -> (artifact id: '26c7d9d66454c99b7c970eea34ba0e4d') in 0.002806 seconds
  Import took 0.008991 seconds .

